2025-08-01 16:22:51,849 - root - INFO - 开始执行登录操作
2025-08-01 16:22:51,924 - root - INFO - 登录成功，响应数据：{'code': 0, 'message': '操作成功', 'data': {'is_admin': 1, 'token': 'eyJhbGciOiJIUzI1NiIsInR5cCI6IkpXVCJ9.eyJleHAiOjE3NTQwNTA5NzAsImlhdCI6MTc1NDAzNjU3MCwiaXNfYWRtaW4iOjEsImlzc3VlciI6ImdvY3JvbiIsInVpZCI6MTMsInVzZXJuYW1lIjoieHVzaGFuZ2NodWFuZyJ9.o3-bUIzH_RkFQ62vXzYm8CMoIXsgKJoI7LC7HsVRdA4', 'uid': 13, 'username': 'xushangchuang'}}
2025-08-01 16:22:51,924 - root - INFO - 开始执行登录操作
2025-08-01 16:22:51,973 - root - INFO - 登录成功，响应数据：<Response [200]>
2025-08-01 16:22:51,973 - root - INFO - Cookie头信息: XXL_JOB_LOGIN_IDENTITY=7b226964223a312c22757365726e616d65223a2261646d696e222c2270617373776f7264223a226531306164633339343962613539616262653536653035376632306638383365222c22726f6c65223a312c227065726d697373696f6e223a6e756c6c7d
2025-08-01 16:23:07,505 - utils.public - INFO - 尝试重新连接数据库...
2025-08-01 16:23:07,666 - utils.public - INFO - 数据库重连成功！
2025-08-01 16:23:07,683 - utils.public - INFO - 数据库连接正常。
2025-08-01 16:23:07,757 - utils.public - INFO - SQL语句执行成功
2025-08-01 16:23:46,646 - utils.public - INFO - 尝试重新连接数据库...
2025-08-01 16:23:46,729 - utils.public - INFO - 数据库重连成功！
2025-08-01 16:23:46,747 - utils.public - INFO - 数据库连接正常。
2025-08-01 16:23:46,877 - utils.public - INFO - SQL语句执行成功
2025-08-01 16:24:10,395 - utils.public - INFO - 尝试重新连接数据库...
2025-08-01 16:24:10,489 - utils.public - INFO - 数据库重连成功！
2025-08-01 16:24:10,610 - utils.public - INFO - SQL语句执行成功
2025-08-01 16:24:17,848 - utils.public - INFO - 数据库连接正常。
2025-08-01 16:24:17,864 - utils.public - INFO - 数据库连接正常。
2025-08-01 16:24:18,148 - utils.public - INFO - SQL语句执行成功
2025-08-01 16:25:03,608 - utils.public - INFO - 尝试重新连接数据库...
2025-08-01 16:25:03,699 - utils.public - INFO - 数据库重连成功！
2025-08-01 16:25:03,821 - utils.public - INFO - SQL语句执行成功
2025-08-01 16:25:11,924 - utils.public - INFO - 数据库连接正常。
2025-08-01 16:25:11,940 - utils.public - INFO - 数据库连接正常。
2025-08-01 16:25:12,094 - utils.public - INFO - SQL语句执行成功
2025-08-01 16:26:20,321 - utils.public - INFO - 尝试重新连接数据库...
2025-08-01 16:26:20,424 - utils.public - INFO - 数据库重连成功！
2025-08-01 16:26:20,442 - utils.public - INFO - 数据库连接正常。
2025-08-01 16:26:20,602 - utils.public - INFO - SQL语句执行成功
